1677752639891	geckodriver	INFO	Listening on 127.0.0.1:41455
1677752640340	mozrunner::runner	INFO	Running command: "/snap/firefox/current/firefox.launcher" "--marionette" "--remote-debugging-port" "56989" "--remote-allow-hosts" "localhost" "-no-remote" "-profile" "/tmp/rust_mozprofilelMf38e"
Gtk-Message: 11:24:00.356: Not loading module "atk-bridge": The functionality is provided by GTK natively. Please try to not load it.
console.warn: services.settings: Ignoring preference override of remote settings server
console.warn: services.settings: Allow by setting MOZ_REMOTE_SETTINGS_DEVTOOLS=1 in the environment
ATTENTION: default value of option mesa_glthread overridden by environment.
ATTENTION: default value of option mesa_glthread overridden by environment.
1677752640749	Marionette	INFO	Marionette enabled
1677752640752	Marionette	INFO	Listening on port 43555
ATTENTION: default value of option mesa_glthread overridden by environment.
WebDriver BiDi listening on ws://127.0.0.1:56989
Read port: 43555
1677752640931	RemoteAgent	WARN	TLS certificate errors will be ignored for this session
console.error: ({})
console.warn: SearchSettings: "get: No settings file exists, new profile?" (new NotFoundError("Could not open the file at /tmp/rust_mozprofilelMf38e/search.json.mozlz4", (void 0)))
DevTools listening on ws://127.0.0.1:56989/devtools/browser/8511603c-cdec-40f6-8042-b24bd9f1e25e
ALSA lib conf.c:4120:(snd_config_update_r) Cannot access file /usr/share/alsa/alsa.conf
ALSA lib seq.c:935:(snd_seq_open_noupdate) Unknown SEQ default
1677752699946	geckodriver	INFO	Listening on 127.0.0.1:60749
1677752700395	mozrunner::runner	INFO	Running command: "/snap/firefox/current/firefox.launcher" "--marionette" "--remote-debugging-port" "57011" "--remote-allow-hosts" "localhost" "-no-remote" "-profile" "/tmp/rust_mozprofileiR6WiB"
Gtk-Message: 11:25:00.412: Not loading module "atk-bridge": The functionality is provided by GTK natively. Please try to not load it.
console.warn: services.settings: Ignoring preference override of remote settings server
console.warn: services.settings: Allow by setting MOZ_REMOTE_SETTINGS_DEVTOOLS=1 in the environment
ATTENTION: default value of option mesa_glthread overridden by environment.
ATTENTION: default value of option mesa_glthread overridden by environment.
1677752700781	Marionette	INFO	Marionette enabled
1677752700783	Marionette	INFO	Listening on port 45031
Read port: 45031
ATTENTION: default value of option mesa_glthread overridden by environment.
WebDriver BiDi listening on ws://127.0.0.1:57011
1677752700909	RemoteAgent	WARN	TLS certificate errors will be ignored for this session
console.error: ({})
console.warn: SearchSettings: "get: No settings file exists, new profile?" (new NotFoundError("Could not open the file at /tmp/rust_mozprofileiR6WiB/search.json.mozlz4", (void 0)))
DevTools listening on ws://127.0.0.1:57011/devtools/browser/a6237015-c4d7-4bd4-9fb8-a52ca947b6d4
ALSA lib conf.c:4120:(snd_config_update_r) Cannot access file /usr/share/alsa/alsa.conf
ALSA lib seq.c:935:(snd_seq_open_noupdate) Unknown SEQ default
1677753649773	Marionette	INFO	Stopped listening on port 43555
console.warn: TopSitesFeed: Failed to fetch data from Contile server: NetworkError when attempting to fetch resource.
1677753657395	Marionette	INFO	Stopped listening on port 45031
console.warn: TopSitesFeed: Failed to fetch data from Contile server: NetworkError when attempting to fetch resource.
1677753945506	geckodriver	INFO	Listening on 127.0.0.1:53613
1677753945961	mozrunner::runner	INFO	Running command: "/snap/firefox/current/firefox.launcher" "--marionette" "--remote-debugging-port" "45257" "--remote-allow-hosts" "localhost" "-no-remote" "-profile" "/tmp/rust_mozprofilePd22QJ"
Gtk-Message: 11:45:45.980: Not loading module "atk-bridge": The functionality is provided by GTK natively. Please try to not load it.
console.warn: services.settings: Ignoring preference override of remote settings server
console.warn: services.settings: Allow by setting MOZ_REMOTE_SETTINGS_DEVTOOLS=1 in the environment
ATTENTION: default value of option mesa_glthread overridden by environment.
ATTENTION: default value of option mesa_glthread overridden by environment.
1677753946355	Marionette	INFO	Marionette enabled
1677753946357	Marionette	INFO	Listening on port 46187
Read port: 46187
ATTENTION: default value of option mesa_glthread overridden by environment.
WebDriver BiDi listening on ws://127.0.0.1:45257
1677753946456	RemoteAgent	WARN	TLS certificate errors will be ignored for this session
console.error: ({})
console.warn: SearchSettings: "get: No settings file exists, new profile?" (new NotFoundError("Could not open the file at /tmp/rust_mozprofilePd22QJ/search.json.mozlz4", (void 0)))
DevTools listening on ws://127.0.0.1:45257/devtools/browser/f19ffcea-402a-4d3d-abf2-290548378e98
1677753960821	Marionette	INFO	Stopped listening on port 46187
console.warn: TopSitesFeed: Failed to fetch data from Contile server: NetworkError when attempting to fetch resource.
console.error: (new AbortError("IndexedDB: main/url-classifier-skip-urls list() IndexedDB:  execute() A request was aborted, for example through a call to IDBTransaction.abort.", "resource://services-settings/IDBHelpers.jsm", 18))
1677754015102	geckodriver	INFO	Listening on 127.0.0.1:50191
1677754015552	mozrunner::runner	INFO	Running command: "/snap/firefox/current/firefox.launcher" "--marionette" "--remote-debugging-port" "33991" "--remote-allow-hosts" "localhost" "-no-remote" "-profile" "/tmp/rust_mozprofilejYSjDO"
Gtk-Message: 11:46:55.571: Not loading module "atk-bridge": The functionality is provided by GTK natively. Please try to not load it.
console.warn: services.settings: Ignoring preference override of remote settings server
console.warn: services.settings: Allow by setting MOZ_REMOTE_SETTINGS_DEVTOOLS=1 in the environment
ATTENTION: default value of option mesa_glthread overridden by environment.
ATTENTION: default value of option mesa_glthread overridden by environment.
1677754015941	Marionette	INFO	Marionette enabled
1677754015943	Marionette	INFO	Listening on port 42423
Read port: 42423
ATTENTION: default value of option mesa_glthread overridden by environment.
WebDriver BiDi listening on ws://127.0.0.1:33991
1677754016069	RemoteAgent	WARN	TLS certificate errors will be ignored for this session
console.error: ({})
console.warn: SearchSettings: "get: No settings file exists, new profile?" (new NotFoundError("Could not open the file at /tmp/rust_mozprofilejYSjDO/search.json.mozlz4", (void 0)))
DevTools listening on ws://127.0.0.1:33991/devtools/browser/fb164239-35b9-4396-bae1-b0f3b306b9e5
1677754034311	Marionette	INFO	Stopped listening on port 42423
console.warn: TopSitesFeed: Failed to fetch data from Contile server: NetworkError when attempting to fetch resource.
1677754045734	geckodriver	INFO	Listening on 127.0.0.1:53703
1677754046189	mozrunner::runner	INFO	Running command: "/snap/firefox/current/firefox.launcher" "--marionette" "--remote-debugging-port" "46045" "--remote-allow-hosts" "localhost" "-no-remote" "-profile" "/tmp/rust_mozprofilePvJTOW"
Gtk-Message: 11:47:26.207: Not loading module "atk-bridge": The functionality is provided by GTK natively. Please try to not load it.
console.warn: services.settings: Ignoring preference override of remote settings server
console.warn: services.settings: Allow by setting MOZ_REMOTE_SETTINGS_DEVTOOLS=1 in the environment
ATTENTION: default value of option mesa_glthread overridden by environment.
ATTENTION: default value of option mesa_glthread overridden by environment.
1677754046574	Marionette	INFO	Marionette enabled
1677754046576	Marionette	INFO	Listening on port 39823
Read port: 39823
ATTENTION: default value of option mesa_glthread overridden by environment.
WebDriver BiDi listening on ws://127.0.0.1:46045
1677754046693	RemoteAgent	WARN	TLS certificate errors will be ignored for this session
console.error: ({})
console.warn: SearchSettings: "get: No settings file exists, new profile?" (new NotFoundError("Could not open the file at /tmp/rust_mozprofilePvJTOW/search.json.mozlz4", (void 0)))
DevTools listening on ws://127.0.0.1:46045/devtools/browser/a8c7c668-b299-4c18-9cc9-35544a9b14c2
1677754050985	Marionette	INFO	Stopped listening on port 39823
console.warn: TopSitesFeed: Failed to fetch data from Contile server: NetworkError when attempting to fetch resource.
1677755076987	geckodriver	INFO	Listening on 127.0.0.1:44561
1677755077440	mozrunner::runner	INFO	Running command: "/snap/firefox/current/firefox.launcher" "--marionette" "--remote-debugging-port" "33871" "--remote-allow-hosts" "localhost" "-no-remote" "-profile" "/tmp/rust_mozprofilescUOBu"
Gtk-Message: 12:04:37.456: Not loading module "atk-bridge": The functionality is provided by GTK natively. Please try to not load it.
console.warn: services.settings: Ignoring preference override of remote settings server
console.warn: services.settings: Allow by setting MOZ_REMOTE_SETTINGS_DEVTOOLS=1 in the environment
ATTENTION: default value of option mesa_glthread overridden by environment.
ATTENTION: default value of option mesa_glthread overridden by environment.
1677755077839	Marionette	INFO	Marionette enabled
1677755077841	Marionette	INFO	Listening on port 43865
ATTENTION: default value of option mesa_glthread overridden by environment.
WebDriver BiDi listening on ws://127.0.0.1:33871
Read port: 43865
1677755077980	RemoteAgent	WARN	TLS certificate errors will be ignored for this session
console.error: ({})
console.warn: SearchSettings: "get: No settings file exists, new profile?" (new NotFoundError("Could not open the file at /tmp/rust_mozprofilescUOBu/search.json.mozlz4", (void 0)))
DevTools listening on ws://127.0.0.1:33871/devtools/browser/a5e7ac30-1d0b-429c-a54d-50b7395312ca
1677755080897	Marionette	INFO	Stopped listening on port 43865
console.warn: TopSitesFeed: Failed to fetch data from Contile server: NetworkError when attempting to fetch resource.
1677755255330	geckodriver	INFO	Listening on 127.0.0.1:49559
1677755255767	mozrunner::runner	INFO	Running command: "/snap/firefox/current/firefox.launcher" "--marionette" "--remote-debugging-port" "50579" "--remote-allow-hosts" "localhost" "-no-remote" "-profile" "/tmp/rust_mozprofile4LWxDn"
Gtk-Message: 12:07:35.788: Not loading module "atk-bridge": The functionality is provided by GTK natively. Please try to not load it.
console.warn: services.settings: Ignoring preference override of remote settings server
console.warn: services.settings: Allow by setting MOZ_REMOTE_SETTINGS_DEVTOOLS=1 in the environment
ATTENTION: default value of option mesa_glthread overridden by environment.
ATTENTION: default value of option mesa_glthread overridden by environment.
1677755256179	Marionette	INFO	Marionette enabled
1677755256181	Marionette	INFO	Listening on port 45401
ATTENTION: default value of option mesa_glthread overridden by environment.
Read port: 45401
WebDriver BiDi listening on ws://127.0.0.1:50579
1677755256301	RemoteAgent	WARN	TLS certificate errors will be ignored for this session
console.error: ({})
console.warn: SearchSettings: "get: No settings file exists, new profile?" (new NotFoundError("Could not open the file at /tmp/rust_mozprofile4LWxDn/search.json.mozlz4", (void 0)))
DevTools listening on ws://127.0.0.1:50579/devtools/browser/410121c4-6485-4b0e-b00e-dd3852a408cf
1677755264670	Marionette	INFO	Stopped listening on port 45401
console.warn: TopSitesFeed: Failed to fetch data from Contile server: NetworkError when attempting to fetch resource.
1677755528695	geckodriver	INFO	Listening on 127.0.0.1:36783
1677755529139	mozrunner::runner	INFO	Running command: "/snap/firefox/current/firefox.launcher" "--marionette" "--remote-debugging-port" "41431" "--remote-allow-hosts" "localhost" "-no-remote" "-profile" "/tmp/rust_mozprofilehEHzXY"
Gtk-Message: 12:12:09.155: Not loading module "atk-bridge": The functionality is provided by GTK natively. Please try to not load it.
console.warn: services.settings: Ignoring preference override of remote settings server
console.warn: services.settings: Allow by setting MOZ_REMOTE_SETTINGS_DEVTOOLS=1 in the environment
ATTENTION: default value of option mesa_glthread overridden by environment.
ATTENTION: default value of option mesa_glthread overridden by environment.
1677755529540	Marionette	INFO	Marionette enabled
1677755529542	Marionette	INFO	Listening on port 33181
ATTENTION: default value of option mesa_glthread overridden by environment.
Read port: 33181
WebDriver BiDi listening on ws://127.0.0.1:41431
1677755529689	RemoteAgent	WARN	TLS certificate errors will be ignored for this session
console.error: ({})
console.warn: SearchSettings: "get: No settings file exists, new profile?" (new NotFoundError("Could not open the file at /tmp/rust_mozprofilehEHzXY/search.json.mozlz4", (void 0)))
DevTools listening on ws://127.0.0.1:41431/devtools/browser/656a1dec-28ea-48f0-96c2-f96da4da661d
console.warn: LoginRecipes: "Falling back to a synchronous message for: http://localhost:8943."
1677755543693	Marionette	INFO	Stopped listening on port 33181
console.warn: TopSitesFeed: Failed to fetch data from Contile server: NetworkError when attempting to fetch resource.
1677755725876	geckodriver	INFO	Listening on 127.0.0.1:36345
1677755726328	mozrunner::runner	INFO	Running command: "/snap/firefox/current/firefox.launcher" "--marionette" "--remote-debugging-port" "60797" "--remote-allow-hosts" "localhost" "-no-remote" "-profile" "/tmp/rust_mozprofilevcGYzR"
Gtk-Message: 12:15:26.345: Not loading module "atk-bridge": The functionality is provided by GTK natively. Please try to not load it.
console.warn: services.settings: Ignoring preference override of remote settings server
console.warn: services.settings: Allow by setting MOZ_REMOTE_SETTINGS_DEVTOOLS=1 in the environment
ATTENTION: default value of option mesa_glthread overridden by environment.
ATTENTION: default value of option mesa_glthread overridden by environment.
1677755726736	Marionette	INFO	Marionette enabled
1677755726738	Marionette	INFO	Listening on port 37753
ATTENTION: default value of option mesa_glthread overridden by environment.
WebDriver BiDi listening on ws://127.0.0.1:60797
Read port: 37753
1677755726940	RemoteAgent	WARN	TLS certificate errors will be ignored for this session
console.error: ({})
console.warn: SearchSettings: "get: No settings file exists, new profile?" (new NotFoundError("Could not open the file at /tmp/rust_mozprofilevcGYzR/search.json.mozlz4", (void 0)))
DevTools listening on ws://127.0.0.1:60797/devtools/browser/2d434a5f-5448-445f-b102-228299f0e879
ALSA lib conf.c:4120:(snd_config_update_r) Cannot access file /usr/share/alsa/alsa.conf
ALSA lib seq.c:935:(snd_seq_open_noupdate) Unknown SEQ default
1677755938596	Marionette	INFO	Stopped listening on port 37753
console.warn: TopSitesFeed: Failed to fetch data from Contile server: NetworkError when attempting to fetch resource.
console.error: (new AbortError("IndexedDB: main/url-classifier-skip-urls list() IndexedDB:  execute() A request was aborted, for example through a call to IDBTransaction.abort.", "resource://services-settings/IDBHelpers.jsm", 18))
1677760903698	geckodriver	INFO	Listening on 127.0.0.1:48373
1677760904146	mozrunner::runner	INFO	Running command: "/snap/firefox/current/firefox.launcher" "--marionette" "--remote-debugging-port" "59099" "--remote-allow-hosts" "localhost" "-no-remote" "-profile" "/tmp/rust_mozprofileJLtDoO"
Gtk-Message: 13:41:44.167: Not loading module "atk-bridge": The functionality is provided by GTK natively. Please try to not load it.
console.warn: services.settings: Ignoring preference override of remote settings server
console.warn: services.settings: Allow by setting MOZ_REMOTE_SETTINGS_DEVTOOLS=1 in the environment
ATTENTION: default value of option mesa_glthread overridden by environment.
ATTENTION: default value of option mesa_glthread overridden by environment.
1677760904558	Marionette	INFO	Marionette enabled
1677760904560	Marionette	INFO	Listening on port 42851
ATTENTION: default value of option mesa_glthread overridden by environment.
WebDriver BiDi listening on ws://127.0.0.1:59099
Read port: 42851
1677760904778	RemoteAgent	WARN	TLS certificate errors will be ignored for this session
console.error: ({})
console.warn: SearchSettings: "get: No settings file exists, new profile?" (new NotFoundError("Could not open the file at /tmp/rust_mozprofileJLtDoO/search.json.mozlz4", (void 0)))
DevTools listening on ws://127.0.0.1:59099/devtools/browser/124d8b55-06bd-4e4b-aac3-054aaae96b66
console.warn: LoginRecipes: "Falling back to a synchronous message for: http://localhost:8943."
1677760923106	Marionette	INFO	Stopped listening on port 42851
console.warn: TopSitesFeed: Failed to fetch data from Contile server: NetworkError when attempting to fetch resource.
1677761630424	geckodriver	INFO	Listening on 127.0.0.1:55243
1677761630886	mozrunner::runner	INFO	Running command: "/snap/firefox/current/firefox.launcher" "--marionette" "--remote-debugging-port" "57497" "--remote-allow-hosts" "localhost" "-no-remote" "-profile" "/tmp/rust_mozprofileFzpZxB"
Gtk-Message: 13:53:50.901: Not loading module "atk-bridge": The functionality is provided by GTK natively. Please try to not load it.
console.warn: services.settings: Ignoring preference override of remote settings server
console.warn: services.settings: Allow by setting MOZ_REMOTE_SETTINGS_DEVTOOLS=1 in the environment
ATTENTION: default value of option mesa_glthread overridden by environment.
ATTENTION: default value of option mesa_glthread overridden by environment.
1677761631271	Marionette	INFO	Marionette enabled
1677761631273	Marionette	INFO	Listening on port 33721
Read port: 33721
ATTENTION: default value of option mesa_glthread overridden by environment.
WebDriver BiDi listening on ws://127.0.0.1:57497
1677761631375	RemoteAgent	WARN	TLS certificate errors will be ignored for this session
console.error: ({})
console.warn: SearchSettings: "get: No settings file exists, new profile?" (new NotFoundError("Could not open the file at /tmp/rust_mozprofileFzpZxB/search.json.mozlz4", (void 0)))
DevTools listening on ws://127.0.0.1:57497/devtools/browser/5d6dd6f4-7d6e-4dd4-9ead-0d33c3ac49be
console.warn: LoginRecipes: "Falling back to a synchronous message for: http://localhost:8943."
1677761667926	Marionette	INFO	Stopped listening on port 33721
console.warn: TopSitesFeed: Failed to fetch data from Contile server: NetworkError when attempting to fetch resource.
1677761687599	geckodriver	INFO	Listening on 127.0.0.1:48715
1677761688040	mozrunner::runner	INFO	Running command: "/snap/firefox/current/firefox.launcher" "--marionette" "--remote-debugging-port" "57329" "--remote-allow-hosts" "localhost" "-no-remote" "-profile" "/tmp/rust_mozprofileB1Ihfn"
Gtk-Message: 13:54:48.056: Not loading module "atk-bridge": The functionality is provided by GTK natively. Please try to not load it.
console.warn: services.settings: Ignoring preference override of remote settings server
console.warn: services.settings: Allow by setting MOZ_REMOTE_SETTINGS_DEVTOOLS=1 in the environment
ATTENTION: default value of option mesa_glthread overridden by environment.
ATTENTION: default value of option mesa_glthread overridden by environment.
1677761688452	Marionette	INFO	Marionette enabled
1677761688454	Marionette	INFO	Listening on port 35327
ATTENTION: default value of option mesa_glthread overridden by environment.
WebDriver BiDi listening on ws://127.0.0.1:57329
Read port: 35327
1677761688641	RemoteAgent	WARN	TLS certificate errors will be ignored for this session
console.error: ({})
console.warn: SearchSettings: "get: No settings file exists, new profile?" (new NotFoundError("Could not open the file at /tmp/rust_mozprofileB1Ihfn/search.json.mozlz4", (void 0)))
DevTools listening on ws://127.0.0.1:57329/devtools/browser/ffb2a8ed-65c2-4c2a-88b9-805cee5bf331
console.warn: LoginRecipes: "Falling back to a synchronous message for: http://localhost:8943."
1677761720798	Marionette	INFO	Stopped listening on port 35327
console.warn: TopSitesFeed: Failed to fetch data from Contile server: NetworkError when attempting to fetch resource.
1677761722472	geckodriver	INFO	Listening on 127.0.0.1:43911
1677761722921	mozrunner::runner	INFO	Running command: "/snap/firefox/current/firefox.launcher" "--marionette" "--remote-debugging-port" "50833" "--remote-allow-hosts" "localhost" "-no-remote" "-profile" "/tmp/rust_mozprofileNBbKSK"
Gtk-Message: 13:55:22.936: Not loading module "atk-bridge": The functionality is provided by GTK natively. Please try to not load it.
console.warn: services.settings: Ignoring preference override of remote settings server
console.warn: services.settings: Allow by setting MOZ_REMOTE_SETTINGS_DEVTOOLS=1 in the environment
ATTENTION: default value of option mesa_glthread overridden by environment.
ATTENTION: default value of option mesa_glthread overridden by environment.
1677761723306	Marionette	INFO	Marionette enabled
1677761723308	Marionette	INFO	Listening on port 38655
Read port: 38655
ATTENTION: default value of option mesa_glthread overridden by environment.
WebDriver BiDi listening on ws://127.0.0.1:50833
1677761723446	RemoteAgent	WARN	TLS certificate errors will be ignored for this session
console.error: ({})
console.warn: SearchSettings: "get: No settings file exists, new profile?" (new NotFoundError("Could not open the file at /tmp/rust_mozprofileNBbKSK/search.json.mozlz4", (void 0)))
DevTools listening on ws://127.0.0.1:50833/devtools/browser/d2e72e2f-9745-40a0-b4d5-9067b244e483
console.warn: LoginRecipes: "Falling back to a synchronous message for: http://localhost:8943."
1677761731424	Marionette	INFO	Stopped listening on port 38655
console.warn: TopSitesFeed: Failed to fetch data from Contile server: NetworkError when attempting to fetch resource.
1677761732957	geckodriver	INFO	Listening on 127.0.0.1:42375
1677761733407	mozrunner::runner	INFO	Running command: "/snap/firefox/current/firefox.launcher" "--marionette" "--remote-debugging-port" "48671" "--remote-allow-hosts" "localhost" "-no-remote" "-profile" "/tmp/rust_mozprofilenLpz4j"
Gtk-Message: 13:55:33.422: Not loading module "atk-bridge": The functionality is provided by GTK natively. Please try to not load it.
console.warn: services.settings: Ignoring preference override of remote settings server
console.warn: services.settings: Allow by setting MOZ_REMOTE_SETTINGS_DEVTOOLS=1 in the environment
ATTENTION: default value of option mesa_glthread overridden by environment.
ATTENTION: default value of option mesa_glthread overridden by environment.
1677761733799	Marionette	INFO	Marionette enabled
1677761733801	Marionette	INFO	Listening on port 39537
Read port: 39537
ATTENTION: default value of option mesa_glthread overridden by environment.
WebDriver BiDi listening on ws://127.0.0.1:48671
1677761733938	RemoteAgent	WARN	TLS certificate errors will be ignored for this session
console.error: ({})
console.warn: SearchSettings: "get: No settings file exists, new profile?" (new NotFoundError("Could not open the file at /tmp/rust_mozprofilenLpz4j/search.json.mozlz4", (void 0)))
DevTools listening on ws://127.0.0.1:48671/devtools/browser/706f88d4-2187-4723-9eb3-2e8a372e824a
console.warn: LoginRecipes: "Falling back to a synchronous message for: http://localhost:8943."
1677761749945	Marionette	INFO	Stopped listening on port 39537
console.warn: TopSitesFeed: Failed to fetch data from Contile server: NetworkError when attempting to fetch resource.
1677761878770	geckodriver	INFO	Listening on 127.0.0.1:45891
1677761879208	mozrunner::runner	INFO	Running command: "/snap/firefox/current/firefox.launcher" "--marionette" "--remote-debugging-port" "47941" "--remote-allow-hosts" "localhost" "-no-remote" "-profile" "/tmp/rust_mozprofileEnJ9IJ"
Gtk-Message: 13:57:59.229: Not loading module "atk-bridge": The functionality is provided by GTK natively. Please try to not load it.
console.warn: services.settings: Ignoring preference override of remote settings server
console.warn: services.settings: Allow by setting MOZ_REMOTE_SETTINGS_DEVTOOLS=1 in the environment
ATTENTION: default value of option mesa_glthread overridden by environment.
ATTENTION: default value of option mesa_glthread overridden by environment.
1677761879630	Marionette	INFO	Marionette enabled
1677761879632	Marionette	INFO	Listening on port 43639
ATTENTION: default value of option mesa_glthread overridden by environment.
Read port: 43639
WebDriver BiDi listening on ws://127.0.0.1:47941
1677761879753	RemoteAgent	WARN	TLS certificate errors will be ignored for this session
console.error: ({})
console.warn: SearchSettings: "get: No settings file exists, new profile?" (new NotFoundError("Could not open the file at /tmp/rust_mozprofileEnJ9IJ/search.json.mozlz4", (void 0)))
DevTools listening on ws://127.0.0.1:47941/devtools/browser/ed7ea5f2-eed5-4e11-90b6-798c342ecbe9
console.warn: LoginRecipes: "Falling back to a synchronous message for: http://localhost:8943."
ALSA lib conf.c:4120:(snd_config_update_r) Cannot access file /usr/share/alsa/alsa.conf
ALSA lib seq.c:935:(snd_seq_open_noupdate) Unknown SEQ default
ALSA lib conf.c:4120:(snd_config_update_r) Cannot access file /usr/share/alsa/alsa.conf
ALSA lib seq.c:935:(snd_seq_open_noupdate) Unknown SEQ default
1677761926114	Marionette	INFO	Stopped listening on port 43639
console.warn: TopSitesFeed: Failed to fetch data from Contile server: NetworkError when attempting to fetch resource.
1677761927814	geckodriver	INFO	Listening on 127.0.0.1:38777
1677761928253	mozrunner::runner	INFO	Running command: "/snap/firefox/current/firefox.launcher" "--marionette" "--remote-debugging-port" "57795" "--remote-allow-hosts" "localhost" "-no-remote" "-profile" "/tmp/rust_mozprofile7470bl"
Gtk-Message: 13:58:48.270: Not loading module "atk-bridge": The functionality is provided by GTK natively. Please try to not load it.
console.warn: services.settings: Ignoring preference override of remote settings server
console.warn: services.settings: Allow by setting MOZ_REMOTE_SETTINGS_DEVTOOLS=1 in the environment
ATTENTION: default value of option mesa_glthread overridden by environment.
ATTENTION: default value of option mesa_glthread overridden by environment.
1677761928657	Marionette	INFO	Marionette enabled
1677761928659	Marionette	INFO	Listening on port 38597
ATTENTION: default value of option mesa_glthread overridden by environment.
Read port: 38597
WebDriver BiDi listening on ws://127.0.0.1:57795
1677761928792	RemoteAgent	WARN	TLS certificate errors will be ignored for this session
console.error: ({})
console.warn: SearchSettings: "get: No settings file exists, new profile?" (new NotFoundError("Could not open the file at /tmp/rust_mozprofile7470bl/search.json.mozlz4", (void 0)))
DevTools listening on ws://127.0.0.1:57795/devtools/browser/9c704aa1-79de-4f96-8760-e3004f592204
console.warn: LoginRecipes: "Falling back to a synchronous message for: http://localhost:8943."
1677761944615	Marionette	INFO	Stopped listening on port 38597
console.warn: TopSitesFeed: Failed to fetch data from Contile server: NetworkError when attempting to fetch resource.
1677761973426	geckodriver	INFO	Listening on 127.0.0.1:39753
1677761973883	mozrunner::runner	INFO	Running command: "/snap/firefox/current/firefox.launcher" "--marionette" "--remote-debugging-port" "57867" "--remote-allow-hosts" "localhost" "-no-remote" "-profile" "/tmp/rust_mozprofilettu89d"
Gtk-Message: 13:59:33.899: Not loading module "atk-bridge": The functionality is provided by GTK natively. Please try to not load it.
console.warn: services.settings: Ignoring preference override of remote settings server
console.warn: services.settings: Allow by setting MOZ_REMOTE_SETTINGS_DEVTOOLS=1 in the environment
ATTENTION: default value of option mesa_glthread overridden by environment.
ATTENTION: default value of option mesa_glthread overridden by environment.
1677761974299	Marionette	INFO	Marionette enabled
1677761974301	Marionette	INFO	Listening on port 41321
ATTENTION: default value of option mesa_glthread overridden by environment.
Read port: 41321
WebDriver BiDi listening on ws://127.0.0.1:57867
1677761974452	RemoteAgent	WARN	TLS certificate errors will be ignored for this session
console.error: ({})
console.warn: SearchSettings: "get: No settings file exists, new profile?" (new NotFoundError("Could not open the file at /tmp/rust_mozprofilettu89d/search.json.mozlz4", (void 0)))
DevTools listening on ws://127.0.0.1:57867/devtools/browser/4c7a8ae0-1406-4d49-a72b-3f7e7cb11844
console.warn: LoginRecipes: "Falling back to a synchronous message for: http://localhost:8943."
ALSA lib conf.c:4120:(snd_config_update_r) Cannot access file /usr/share/alsa/alsa.conf
ALSA lib seq.c:935:(snd_seq_open_noupdate) Unknown SEQ default
1677762170849	geckodriver	INFO	Listening on 127.0.0.1:33049
1677762171300	mozrunner::runner	INFO	Running command: "/snap/firefox/current/firefox.launcher" "--marionette" "--remote-debugging-port" "51467" "--remote-allow-hosts" "localhost" "-no-remote" "-profile" "/tmp/rust_mozprofiletlg3l6"
Gtk-Message: 14:02:51.316: Not loading module "atk-bridge": The functionality is provided by GTK natively. Please try to not load it.
console.warn: services.settings: Ignoring preference override of remote settings server
console.warn: services.settings: Allow by setting MOZ_REMOTE_SETTINGS_DEVTOOLS=1 in the environment
ATTENTION: default value of option mesa_glthread overridden by environment.
ATTENTION: default value of option mesa_glthread overridden by environment.
1677762171695	Marionette	INFO	Marionette enabled
1677762171697	Marionette	INFO	Listening on port 46535
Read port: 46535
ATTENTION: default value of option mesa_glthread overridden by environment.
WebDriver BiDi listening on ws://127.0.0.1:51467
1677762171804	RemoteAgent	WARN	TLS certificate errors will be ignored for this session
console.error: ({})
console.warn: SearchSettings: "get: No settings file exists, new profile?" (new NotFoundError("Could not open the file at /tmp/rust_mozprofiletlg3l6/search.json.mozlz4", (void 0)))
DevTools listening on ws://127.0.0.1:51467/devtools/browser/76a053a3-71bb-4399-b6fb-cdc63177fe18
console.warn: LoginRecipes: "Falling back to a synchronous message for: http://localhost:8943."
1677762186733	Marionette	INFO	Stopped listening on port 46535
console.warn: TopSitesFeed: Failed to fetch data from Contile server: NetworkError when attempting to fetch resource.
1677762192544	geckodriver	INFO	Listening on 127.0.0.1:54529
1677762193008	mozrunner::runner	INFO	Running command: "/snap/firefox/current/firefox.launcher" "--marionette" "--remote-debugging-port" "57601" "--remote-allow-hosts" "localhost" "-no-remote" "-profile" "/tmp/rust_mozprofiler4wNsQ"
Gtk-Message: 14:03:13.029: Not loading module "atk-bridge": The functionality is provided by GTK natively. Please try to not load it.
console.warn: services.settings: Ignoring preference override of remote settings server
console.warn: services.settings: Allow by setting MOZ_REMOTE_SETTINGS_DEVTOOLS=1 in the environment
ATTENTION: default value of option mesa_glthread overridden by environment.
ATTENTION: default value of option mesa_glthread overridden by environment.
1677762193422	Marionette	INFO	Marionette enabled
1677762193424	Marionette	INFO	Listening on port 46711
ATTENTION: default value of option mesa_glthread overridden by environment.
WebDriver BiDi listening on ws://127.0.0.1:57601
Read port: 46711
1677762193650	RemoteAgent	WARN	TLS certificate errors will be ignored for this session
console.error: ({})
console.warn: SearchSettings: "get: No settings file exists, new profile?" (new NotFoundError("Could not open the file at /tmp/rust_mozprofiler4wNsQ/search.json.mozlz4", (void 0)))
DevTools listening on ws://127.0.0.1:57601/devtools/browser/1068e74b-ba9d-4046-9698-c0fc7b0d3809
console.warn: LoginRecipes: "Falling back to a synchronous message for: http://localhost:8943."
1677762202003	Marionette	INFO	Stopped listening on port 46711
console.warn: TopSitesFeed: Failed to fetch data from Contile server: NetworkError when attempting to fetch resource.
1677762203538	geckodriver	INFO	Listening on 127.0.0.1:40745
1677762203994	mozrunner::runner	INFO	Running command: "/snap/firefox/current/firefox.launcher" "--marionette" "--remote-debugging-port" "54891" "--remote-allow-hosts" "localhost" "-no-remote" "-profile" "/tmp/rust_mozprofileAI1FGj"
Gtk-Message: 14:03:24.009: Not loading module "atk-bridge": The functionality is provided by GTK natively. Please try to not load it.
console.warn: services.settings: Ignoring preference override of remote settings server
console.warn: services.settings: Allow by setting MOZ_REMOTE_SETTINGS_DEVTOOLS=1 in the environment
ATTENTION: default value of option mesa_glthread overridden by environment.
ATTENTION: default value of option mesa_glthread overridden by environment.
1677762204378	Marionette	INFO	Marionette enabled
1677762204380	Marionette	INFO	Listening on port 42983
Read port: 42983
ATTENTION: default value of option mesa_glthread overridden by environment.
WebDriver BiDi listening on ws://127.0.0.1:54891
1677762204518	RemoteAgent	WARN	TLS certificate errors will be ignored for this session
console.error: ({})
console.warn: SearchSettings: "get: No settings file exists, new profile?" (new NotFoundError("Could not open the file at /tmp/rust_mozprofileAI1FGj/search.json.mozlz4", (void 0)))
DevTools listening on ws://127.0.0.1:54891/devtools/browser/330fb508-194f-4f84-89c1-8716b076001b
console.warn: LoginRecipes: "Falling back to a synchronous message for: http://localhost:8943."
1677762207934	Marionette	INFO	Stopped listening on port 42983
console.warn: TopSitesFeed: Failed to fetch data from Contile server: NetworkError when attempting to fetch resource.
1677762280603	geckodriver	INFO	Listening on 127.0.0.1:59875
1677762281052	mozrunner::runner	INFO	Running command: "/snap/firefox/current/firefox.launcher" "--marionette" "--remote-debugging-port" "52725" "--remote-allow-hosts" "localhost" "-no-remote" "-profile" "/tmp/rust_mozprofilemKppuc"
Gtk-Message: 14:04:41.070: Not loading module "atk-bridge": The functionality is provided by GTK natively. Please try to not load it.
console.warn: services.settings: Ignoring preference override of remote settings server
console.warn: services.settings: Allow by setting MOZ_REMOTE_SETTINGS_DEVTOOLS=1 in the environment
ATTENTION: default value of option mesa_glthread overridden by environment.
ATTENTION: default value of option mesa_glthread overridden by environment.
1677762281463	Marionette	INFO	Marionette enabled
1677762281465	Marionette	INFO	Listening on port 33565
ATTENTION: default value of option mesa_glthread overridden by environment.
Read port: 33565
WebDriver BiDi listening on ws://127.0.0.1:52725
1677762281588	RemoteAgent	WARN	TLS certificate errors will be ignored for this session
console.error: ({})
console.warn: SearchSettings: "get: No settings file exists, new profile?" (new NotFoundError("Could not open the file at /tmp/rust_mozprofilemKppuc/search.json.mozlz4", (void 0)))
DevTools listening on ws://127.0.0.1:52725/devtools/browser/ca235936-3bac-46f5-ad9e-dd22d60eedfe
console.warn: LoginRecipes: "Falling back to a synchronous message for: http://localhost:8943."
1677762305831	Marionette	INFO	Stopped listening on port 33565
console.warn: TopSitesFeed: Failed to fetch data from Contile server: NetworkError when attempting to fetch resource.
1677763213414	geckodriver	INFO	Listening on 127.0.0.1:42919
1677763213872	mozrunner::runner	INFO	Running command: "/snap/firefox/current/firefox.launcher" "--marionette" "--remote-debugging-port" "32797" "--remote-allow-hosts" "localhost" "-no-remote" "-profile" "/tmp/rust_mozprofiledW1Gbb"
Gtk-Message: 14:20:13.888: Not loading module "atk-bridge": The functionality is provided by GTK natively. Please try to not load it.
console.warn: services.settings: Ignoring preference override of remote settings server
console.warn: services.settings: Allow by setting MOZ_REMOTE_SETTINGS_DEVTOOLS=1 in the environment
ATTENTION: default value of option mesa_glthread overridden by environment.
ATTENTION: default value of option mesa_glthread overridden by environment.
1677763214259	Marionette	INFO	Marionette enabled
1677763214262	Marionette	INFO	Listening on port 34913
Read port: 34913
ATTENTION: default value of option mesa_glthread overridden by environment.
WebDriver BiDi listening on ws://127.0.0.1:32797
1677763214363	RemoteAgent	WARN	TLS certificate errors will be ignored for this session
console.error: ({})
console.warn: SearchSettings: "get: No settings file exists, new profile?" (new NotFoundError("Could not open the file at /tmp/rust_mozprofiledW1Gbb/search.json.mozlz4", (void 0)))
DevTools listening on ws://127.0.0.1:32797/devtools/browser/60dc487d-63f1-4a79-9489-5765305d8de0
console.warn: LoginRecipes: "Falling back to a synchronous message for: http://localhost:8943."
1677763223322	Marionette	INFO	Stopped listening on port 34913
console.warn: TopSitesFeed: Failed to fetch data from Contile server: NetworkError when attempting to fetch resource.
1677763297752	geckodriver	INFO	Listening on 127.0.0.1:58887
1677763298213	mozrunner::runner	INFO	Running command: "/snap/firefox/current/firefox.launcher" "--marionette" "--remote-debugging-port" "51989" "--remote-allow-hosts" "localhost" "-no-remote" "-profile" "/tmp/rust_mozprofile18Osa8"
Gtk-Message: 14:21:38.231: Not loading module "atk-bridge": The functionality is provided by GTK natively. Please try to not load it.
console.warn: services.settings: Ignoring preference override of remote settings server
console.warn: services.settings: Allow by setting MOZ_REMOTE_SETTINGS_DEVTOOLS=1 in the environment
ATTENTION: default value of option mesa_glthread overridden by environment.
ATTENTION: default value of option mesa_glthread overridden by environment.
1677763298632	Marionette	INFO	Marionette enabled
1677763298634	Marionette	INFO	Listening on port 34789
ATTENTION: default value of option mesa_glthread overridden by environment.
Read port: 34789
WebDriver BiDi listening on ws://127.0.0.1:51989
1677763298752	RemoteAgent	WARN	TLS certificate errors will be ignored for this session
console.error: ({})
console.warn: SearchSettings: "get: No settings file exists, new profile?" (new NotFoundError("Could not open the file at /tmp/rust_mozprofile18Osa8/search.json.mozlz4", (void 0)))
DevTools listening on ws://127.0.0.1:51989/devtools/browser/4e304d80-507a-4447-b9b1-3bced1669f22
console.warn: LoginRecipes: "Falling back to a synchronous message for: http://localhost:8943."
ALSA lib conf.c:4120:(snd_config_update_r) Cannot access file /usr/share/alsa/alsa.conf
ALSA lib seq.c:935:(snd_seq_open_noupdate) Unknown SEQ default
1677763330661	geckodriver	INFO	Listening on 127.0.0.1:50877
1677763331104	mozrunner::runner	INFO	Running command: "/snap/firefox/current/firefox.launcher" "--marionette" "--remote-debugging-port" "53163" "--remote-allow-hosts" "localhost" "-no-remote" "-profile" "/tmp/rust_mozprofileyITHuc"
Gtk-Message: 14:22:11.120: Not loading module "atk-bridge": The functionality is provided by GTK natively. Please try to not load it.
console.warn: services.settings: Ignoring preference override of remote settings server
console.warn: services.settings: Allow by setting MOZ_REMOTE_SETTINGS_DEVTOOLS=1 in the environment
ATTENTION: default value of option mesa_glthread overridden by environment.
ATTENTION: default value of option mesa_glthread overridden by environment.
1677763331514	Marionette	INFO	Marionette enabled
1677763331516	Marionette	INFO	Listening on port 37485
ATTENTION: default value of option mesa_glthread overridden by environment.
Read port: 37485
WebDriver BiDi listening on ws://127.0.0.1:53163
1677763331645	RemoteAgent	WARN	TLS certificate errors will be ignored for this session
console.error: ({})
console.warn: SearchSettings: "get: No settings file exists, new profile?" (new NotFoundError("Could not open the file at /tmp/rust_mozprofileyITHuc/search.json.mozlz4", (void 0)))
DevTools listening on ws://127.0.0.1:53163/devtools/browser/fd6aa1d8-0652-4989-8135-a152c5faf82d
console.warn: LoginRecipes: "Falling back to a synchronous message for: http://localhost:8943."
ALSA lib conf.c:4120:(snd_config_update_r) Cannot access file /usr/share/alsa/alsa.conf
ALSA lib seq.c:935:(snd_seq_open_noupdate) Unknown SEQ default
1677763579085	geckodriver	INFO	Listening on 127.0.0.1:57499
1677763579539	mozrunner::runner	INFO	Running command: "/snap/firefox/current/firefox.launcher" "--marionette" "--remote-debugging-port" "51597" "--remote-allow-hosts" "localhost" "-no-remote" "-profile" "/tmp/rust_mozprofilejDVhMc"
Gtk-Message: 14:26:19.563: Not loading module "atk-bridge": The functionality is provided by GTK natively. Please try to not load it.
console.warn: services.settings: Ignoring preference override of remote settings server
console.warn: services.settings: Allow by setting MOZ_REMOTE_SETTINGS_DEVTOOLS=1 in the environment
ATTENTION: default value of option mesa_glthread overridden by environment.
ATTENTION: default value of option mesa_glthread overridden by environment.
1677763579947	Marionette	INFO	Marionette enabled
1677763579949	Marionette	INFO	Listening on port 33051
ATTENTION: default value of option mesa_glthread overridden by environment.
Read port: 33051
WebDriver BiDi listening on ws://127.0.0.1:51597
1677763580082	RemoteAgent	WARN	TLS certificate errors will be ignored for this session
console.error: ({})
console.warn: SearchSettings: "get: No settings file exists, new profile?" (new NotFoundError("Could not open the file at /tmp/rust_mozprofilejDVhMc/search.json.mozlz4", (void 0)))
DevTools listening on ws://127.0.0.1:51597/devtools/browser/a049acbb-6403-46f4-9c11-3a9e4537ec52
console.warn: LoginRecipes: "Falling back to a synchronous message for: http://localhost:8943."
ALSA lib conf.c:4120:(snd_config_update_r) Cannot access file /usr/share/alsa/alsa.conf
ALSA lib seq.c:935:(snd_seq_open_noupdate) Unknown SEQ default
1677763635634	geckodriver	INFO	Listening on 127.0.0.1:53323
1677763636090	mozrunner::runner	INFO	Running command: "/snap/firefox/current/firefox.launcher" "--marionette" "--remote-debugging-port" "36803" "--remote-allow-hosts" "localhost" "-no-remote" "-profile" "/tmp/rust_mozprofilesxyZI0"
Gtk-Message: 14:27:16.107: Not loading module "atk-bridge": The functionality is provided by GTK natively. Please try to not load it.
console.warn: services.settings: Ignoring preference override of remote settings server
console.warn: services.settings: Allow by setting MOZ_REMOTE_SETTINGS_DEVTOOLS=1 in the environment
ATTENTION: default value of option mesa_glthread overridden by environment.
ATTENTION: default value of option mesa_glthread overridden by environment.
1677763636493	Marionette	INFO	Marionette enabled
1677763636495	Marionette	INFO	Listening on port 45455
ATTENTION: default value of option mesa_glthread overridden by environment.
WebDriver BiDi listening on ws://127.0.0.1:36803
Read port: 45455
1677763636671	RemoteAgent	WARN	TLS certificate errors will be ignored for this session
console.error: ({})
console.warn: SearchSettings: "get: No settings file exists, new profile?" (new NotFoundError("Could not open the file at /tmp/rust_mozprofilesxyZI0/search.json.mozlz4", (void 0)))
DevTools listening on ws://127.0.0.1:36803/devtools/browser/e57a2f55-941a-4ae4-aa66-87f39cbef8d2
console.warn: LoginRecipes: "Falling back to a synchronous message for: http://localhost:8943."
1677763649751	Marionette	INFO	Stopped listening on port 34789
console.warn: TopSitesFeed: Failed to fetch data from Contile server: NetworkError when attempting to fetch resource.
1677763653376	Marionette	INFO	Stopped listening on port 37485
console.warn: TopSitesFeed: Failed to fetch data from Contile server: NetworkError when attempting to fetch resource.
1677763656899	Marionette	INFO	Stopped listening on port 33051
console.warn: TopSitesFeed: Failed to fetch data from Contile server: NetworkError when attempting to fetch resource.
1677763659624	Marionette	INFO	Stopped listening on port 45455
console.warn: TopSitesFeed: Failed to fetch data from Contile server: NetworkError when attempting to fetch resource.
1677763661974	Marionette	INFO	Stopped listening on port 41321
console.warn: TopSitesFeed: Failed to fetch data from Contile server: NetworkError when attempting to fetch resource.
1677763844152	geckodriver	INFO	Listening on 127.0.0.1:44081
1677763844609	mozrunner::runner	INFO	Running command: "/snap/firefox/current/firefox.launcher" "--marionette" "--remote-debugging-port" "58913" "--remote-allow-hosts" "localhost" "-no-remote" "-profile" "/tmp/rust_mozprofilex6C8lT"
Gtk-Message: 14:30:44.625: Not loading module "atk-bridge": The functionality is provided by GTK natively. Please try to not load it.
console.warn: services.settings: Ignoring preference override of remote settings server
console.warn: services.settings: Allow by setting MOZ_REMOTE_SETTINGS_DEVTOOLS=1 in the environment
ATTENTION: default value of option mesa_glthread overridden by environment.
ATTENTION: default value of option mesa_glthread overridden by environment.
1677763845021	Marionette	INFO	Marionette enabled
1677763845023	Marionette	INFO	Listening on port 36213
ATTENTION: default value of option mesa_glthread overridden by environment.
Read port: 36213
WebDriver BiDi listening on ws://127.0.0.1:58913
1677763845155	RemoteAgent	WARN	TLS certificate errors will be ignored for this session
console.error: ({})
console.warn: SearchSettings: "get: No settings file exists, new profile?" (new NotFoundError("Could not open the file at /tmp/rust_mozprofilex6C8lT/search.json.mozlz4", (void 0)))
DevTools listening on ws://127.0.0.1:58913/devtools/browser/a01ccaff-e2b1-4019-9c25-d13021d6f909
console.warn: LoginRecipes: "Falling back to a synchronous message for: http://localhost:8943."
1677763867377	Marionette	INFO	Stopped listening on port 36213
console.warn: TopSitesFeed: Failed to fetch data from Contile server: NetworkError when attempting to fetch resource.
1677763870436	geckodriver	INFO	Listening on 127.0.0.1:43503
1677763870888	mozrunner::runner	INFO	Running command: "/snap/firefox/current/firefox.launcher" "--marionette" "--remote-debugging-port" "50997" "--remote-allow-hosts" "localhost" "-no-remote" "-profile" "/tmp/rust_mozprofileUgROsz"
Gtk-Message: 14:31:10.904: Not loading module "atk-bridge": The functionality is provided by GTK natively. Please try to not load it.
console.warn: services.settings: Ignoring preference override of remote settings server
console.warn: services.settings: Allow by setting MOZ_REMOTE_SETTINGS_DEVTOOLS=1 in the environment
ATTENTION: default value of option mesa_glthread overridden by environment.
ATTENTION: default value of option mesa_glthread overridden by environment.
1677763871278	Marionette	INFO	Marionette enabled
1677763871280	Marionette	INFO	Listening on port 39607
Read port: 39607
ATTENTION: default value of option mesa_glthread overridden by environment.
WebDriver BiDi listening on ws://127.0.0.1:50997
1677763871384	RemoteAgent	WARN	TLS certificate errors will be ignored for this session
console.error: ({})
console.warn: SearchSettings: "get: No settings file exists, new profile?" (new NotFoundError("Could not open the file at /tmp/rust_mozprofileUgROsz/search.json.mozlz4", (void 0)))
DevTools listening on ws://127.0.0.1:50997/devtools/browser/d597174b-42ca-4c2c-9740-2df93844269a
console.warn: LoginRecipes: "Falling back to a synchronous message for: http://localhost:8943."
ALSA lib conf.c:4120:(snd_config_update_r) Cannot access file /usr/share/alsa/alsa.conf
ALSA lib seq.c:935:(snd_seq_open_noupdate) Unknown SEQ default
ALSA lib conf.c:4120:(snd_config_update_r) Cannot access file /usr/share/alsa/alsa.conf
ALSA lib seq.c:935:(snd_seq_open_noupdate) Unknown SEQ default
1677763931603	Marionette	INFO	Stopped listening on port 39607
console.warn: TopSitesFeed: Failed to fetch data from Contile server: NetworkError when attempting to fetch resource.
1677764144806	geckodriver	INFO	Listening on 127.0.0.1:37923
1677764145262	mozrunner::runner	INFO	Running command: "/snap/firefox/current/firefox.launcher" "--marionette" "--remote-debugging-port" "40525" "--remote-allow-hosts" "localhost" "-no-remote" "-profile" "/tmp/rust_mozprofilensDJka"
Gtk-Message: 14:35:45.278: Not loading module "atk-bridge": The functionality is provided by GTK natively. Please try to not load it.
console.warn: services.settings: Ignoring preference override of remote settings server
console.warn: services.settings: Allow by setting MOZ_REMOTE_SETTINGS_DEVTOOLS=1 in the environment
ATTENTION: default value of option mesa_glthread overridden by environment.
ATTENTION: default value of option mesa_glthread overridden by environment.
1677764145648	Marionette	INFO	Marionette enabled
1677764145650	Marionette	INFO	Listening on port 41855
Read port: 41855
ATTENTION: default value of option mesa_glthread overridden by environment.
WebDriver BiDi listening on ws://127.0.0.1:40525
1677764145778	RemoteAgent	WARN	TLS certificate errors will be ignored for this session
console.error: ({})
console.warn: SearchSettings: "get: No settings file exists, new profile?" (new NotFoundError("Could not open the file at /tmp/rust_mozprofilensDJka/search.json.mozlz4", (void 0)))
DevTools listening on ws://127.0.0.1:40525/devtools/browser/41450d80-dafb-419d-a66d-129d544e6fb0
console.warn: LoginRecipes: "Falling back to a synchronous message for: http://localhost:8943."
1677764164157	Marionette	INFO	Stopped listening on port 41855
console.warn: TopSitesFeed: Failed to fetch data from Contile server: NetworkError when attempting to fetch resource.
1677764352731	geckodriver	INFO	Listening on 127.0.0.1:44317
1677764353190	mozrunner::runner	INFO	Running command: "/snap/firefox/current/firefox.launcher" "--marionette" "--remote-debugging-port" "50259" "--remote-allow-hosts" "localhost" "-no-remote" "-profile" "/tmp/rust_mozprofile6Pa0ah"
Gtk-Message: 14:39:13.205: Not loading module "atk-bridge": The functionality is provided by GTK natively. Please try to not load it.
console.warn: services.settings: Ignoring preference override of remote settings server
console.warn: services.settings: Allow by setting MOZ_REMOTE_SETTINGS_DEVTOOLS=1 in the environment
ATTENTION: default value of option mesa_glthread overridden by environment.
ATTENTION: default value of option mesa_glthread overridden by environment.
1677764353589	Marionette	INFO	Marionette enabled
1677764353591	Marionette	INFO	Listening on port 46157
ATTENTION: default value of option mesa_glthread overridden by environment.
Read port: 46157
WebDriver BiDi listening on ws://127.0.0.1:50259
1677764353725	RemoteAgent	WARN	TLS certificate errors will be ignored for this session
console.error: ({})
console.warn: SearchSettings: "get: No settings file exists, new profile?" (new NotFoundError("Could not open the file at /tmp/rust_mozprofile6Pa0ah/search.json.mozlz4", (void 0)))
DevTools listening on ws://127.0.0.1:50259/devtools/browser/b8c66d0d-fb52-414a-9f68-0c24a156b4af
console.warn: LoginRecipes: "Falling back to a synchronous message for: http://localhost:8943."
1677764362835	Marionette	INFO	Stopped listening on port 46157
console.warn: TopSitesFeed: Failed to fetch data from Contile server: NetworkError when attempting to fetch resource.
1677764501160	geckodriver	INFO	Listening on 127.0.0.1:49715
1677764501601	mozrunner::runner	INFO	Running command: "/snap/firefox/current/firefox.launcher" "--marionette" "--remote-debugging-port" "44043" "--remote-allow-hosts" "localhost" "-no-remote" "-profile" "/tmp/rust_mozprofilegF8Lql"
Gtk-Message: 14:41:41.618: Not loading module "atk-bridge": The functionality is provided by GTK natively. Please try to not load it.
console.warn: services.settings: Ignoring preference override of remote settings server
console.warn: services.settings: Allow by setting MOZ_REMOTE_SETTINGS_DEVTOOLS=1 in the environment
ATTENTION: default value of option mesa_glthread overridden by environment.
ATTENTION: default value of option mesa_glthread overridden by environment.
1677764502010	Marionette	INFO	Marionette enabled
1677764502013	Marionette	INFO	Listening on port 34323
ATTENTION: default value of option mesa_glthread overridden by environment.
Read port: 34323
WebDriver BiDi listening on ws://127.0.0.1:44043
1677764502159	RemoteAgent	WARN	TLS certificate errors will be ignored for this session
console.error: ({})
console.warn: SearchSettings: "get: No settings file exists, new profile?" (new NotFoundError("Could not open the file at /tmp/rust_mozprofilegF8Lql/search.json.mozlz4", (void 0)))
DevTools listening on ws://127.0.0.1:44043/devtools/browser/2527156b-5dc6-4999-bb67-1f5190653a31
console.warn: LoginRecipes: "Falling back to a synchronous message for: http://localhost:8943."
ALSA lib conf.c:4120:(snd_config_update_r) Cannot access file /usr/share/alsa/alsa.conf
ALSA lib seq.c:935:(snd_seq_open_noupdate) Unknown SEQ default
1677764541245	geckodriver	INFO	Listening on 127.0.0.1:58163
1677764541691	mozrunner::runner	INFO	Running command: "/snap/firefox/current/firefox.launcher" "--marionette" "--remote-debugging-port" "38539" "--remote-allow-hosts" "localhost" "-no-remote" "-profile" "/tmp/rust_mozprofile6Nu7kY"
Gtk-Message: 14:42:21.708: Not loading module "atk-bridge": The functionality is provided by GTK natively. Please try to not load it.
console.warn: services.settings: Ignoring preference override of remote settings server
console.warn: services.settings: Allow by setting MOZ_REMOTE_SETTINGS_DEVTOOLS=1 in the environment
ATTENTION: default value of option mesa_glthread overridden by environment.
ATTENTION: default value of option mesa_glthread overridden by environment.
1677764542087	Marionette	INFO	Marionette enabled
1677764542089	Marionette	INFO	Listening on port 46253
Read port: 46253
ATTENTION: default value of option mesa_glthread overridden by environment.
WebDriver BiDi listening on ws://127.0.0.1:38539
1677764542199	RemoteAgent	WARN	TLS certificate errors will be ignored for this session
console.error: ({})
console.warn: SearchSettings: "get: No settings file exists, new profile?" (new NotFoundError("Could not open the file at /tmp/rust_mozprofile6Nu7kY/search.json.mozlz4", (void 0)))
DevTools listening on ws://127.0.0.1:38539/devtools/browser/ecd637e3-ebb4-41ea-a5c7-1ecb6242121c
console.warn: LoginRecipes: "Falling back to a synchronous message for: http://localhost:8943."
1677764547698	Marionette	INFO	Stopped listening on port 46253
console.warn: TopSitesFeed: Failed to fetch data from Contile server: NetworkError when attempting to fetch resource.
ALSA lib conf.c:4120:(snd_config_update_r) Cannot access file /usr/share/alsa/alsa.conf
ALSA lib seq.c:935:(snd_seq_open_noupdate) Unknown SEQ default
1677764550355	Marionette	INFO	Stopped listening on port 34323
console.warn: TopSitesFeed: Failed to fetch data from Contile server: NetworkError when attempting to fetch resource.
